<?xml version="1.0" encoding="UTF-8"?>
<!-- Generated by org.testng.reporters.JUnitXMLReporter -->
<testsuite hostname="Naveens-MacBook-Air.local" ignored="3" name="Surefire test" tests="3" failures="0" timestamp="17 May 2020 14:45:49 GMT" time="5.074" errors="0">
  <testcase name="testpoc" time="0.011" classname="com.sample.TestCases.getWithAssertion"/>
  <testcase name="getLondonWeatherQuery" time="4.698" classname="com.sample.TestCases.getweatherapp"/>
  <testcase name="getLosAnglesWeatherQuery" time="0.326" classname="com.sample.TestCases.getweatherapp"/>
  <testcase name="postVideoGames" time="0.0" classname="com.sample.TestCases.postWithAssertion">
    <ignored/>
  </testcase> <!-- postVideoGames -->
  <testcase name="getAllVideoGames" time="0.0" classname="com.sample.TestCases.getWithAssertion">
    <ignored/>
  </testcase> <!-- getAllVideoGames -->
  <testcase name="getVideoGames" time="0.0" classname="com.sample.TestCases.getWithAssertion">
    <ignored/>
  </testcase> <!-- getVideoGames -->
</testsuite> <!-- Surefire test -->
