<?xml version="1.0" encoding="UTF-8"?>
<testsuite xmlns:xsi="http://www.w3.org/2001/XMLSchema-instance" xsi:noNamespaceSchemaLocation="https://maven.apache.org/surefire/maven-surefire-plugin/xsd/surefire-test-report.xsd" name="TestSuite" time="5.579" tests="3" errors="0" skipped="0" failures="0">
  <properties>
[...]
</properties>
  <testcase name="testpoc" classname="com.sample.TestCases.getWithAssertion" time="0.01"/>
  <testcase name="getLondonWeatherQuery" classname="com.sample.TestCases.getweatherapp" time="4.696"/>
  <testcase name="getLosAnglesWeatherQuery" classname="com.sample.TestCases.getweatherapp" time="0.327"/>
</testsuite>