<?xml version="1.0" encoding="UTF-8"?>
<!-- Generated by org.testng.reporters.JUnitXMLReporter -->
<testsuite hostname="Naveens-MacBook-Air.local" ignored="3" name="Regression suite 1" tests="1" failures="0" timestamp="10 May 2020 13:36:10 GMT" time="0.053" errors="0">
  <testcase name="testpoc" time="0.012" classname="com.sample.TestCases.getWithAssertion"/>
  <testcase name="postVideoGames" time="0.0" classname="com.sample.TestCases.postWithAssertion">
    <ignored/>
  </testcase> <!-- postVideoGames -->
  <testcase name="getAllVideoGames" time="0.0" classname="com.sample.TestCases.getWithAssertion">
    <ignored/>
  </testcase> <!-- getAllVideoGames -->
  <testcase name="getVideoGames" time="0.0" classname="com.sample.TestCases.getWithAssertion">
    <ignored/>
  </testcase> <!-- getVideoGames -->
</testsuite> <!-- Regression suite 1 -->
